Arguments: 
  /home/pisuthd/.nvm/versions/node/v12.22.1/bin/node /usr/share/yarn/bin/yarn.js add async-retry

PATH: 
  /home/linuxbrew/.linuxbrew/bin:/home/linuxbrew/.linuxbrew/sbin:/home/pisuthd/.nvm/versions/node/v12.22.1/bin:/home/pisuthd/.cargo/bin:/opt/gradle/gradle-5.0/bin:/home/linuxbrew/.linuxbrew/bin:/home/linuxbrew/.linuxbrew/sbin:/home/pisuthd/.cargo/bin:/opt/gradle/gradle-5.0/bin:/usr/local/sbin:/usr/local/bin:/usr/sbin:/usr/bin:/sbin:/bin:/usr/games:/usr/local/games:/snap/bin:/home/pisuthd/.go/bin:/home/pisuthd/.pulumi/bin:/home/pisuthd/go/bin:/home/pisuthd/.zokrates/bin

Yarn version: 
  1.22.5

Node version: 
  12.22.1

Platform: 
  linux x64

Trace: 
  Error: read ECONNRESET
      at TLSWrap.onStreamRead (internal/stream_base_commons.js:209:20)

npm manifest: 
  {
      "name": "tamago-api",
      "main": "index.js",
      "dependencies": {
          "@pulumi/aws": "^4.0.0",
          "@pulumi/awsx": "^0.30.0",
          "@pulumi/pulumi": "^3.0.0",
          "axios": "^0.26.1",
          "dotenv": "^16.0.0",
          "ethers": "^5.6.1"
      },
      "scripts": {
          "fetch-holders": "node ./services/fetch-holders/fetch-holders.js"
      }
  }

yarn manifest: 
  No manifest

Lockfile: 
  # THIS IS AN AUTOGENERATED FILE. DO NOT EDIT THIS FILE DIRECTLY.
  # yarn lockfile v1
  
  
  "@ethersproject/abi@5.6.0", "@ethersproject/abi@^5.6.0":
    version "5.6.0"
    resolved "https://registry.yarnpkg.com/@ethersproject/abi/-/abi-5.6.0.tgz#ea07cbc1eec2374d32485679c12408005895e9f3"
    integrity sha512-AhVByTwdXCc2YQ20v300w6KVHle9g2OFc28ZAFCPnJyEpkv1xKXjZcSTgWOlv1i+0dqlgF8RCF2Rn2KC1t+1Vg==
    dependencies:
      "@ethersproject/address" "^5.6.0"
      "@ethersproject/bignumber" "^5.6.0"
      "@ethersproject/bytes" "^5.6.0"
      "@ethersproject/constants" "^5.6.0"
      "@ethersproject/hash" "^5.6.0"
      "@ethersproject/keccak256" "^5.6.0"
      "@ethersproject/logger" "^5.6.0"
      "@ethersproject/properties" "^5.6.0"
      "@ethersproject/strings" "^5.6.0"
  
  "@ethersproject/abstract-provider@5.6.0", "@ethersproject/abstract-provider@^5.6.0":
    version "5.6.0"
    resolved "https://registry.yarnpkg.com/@ethersproject/abstract-provider/-/abstract-provider-5.6.0.tgz#0c4ac7054650dbd9c476cf5907f588bbb6ef3061"
    integrity sha512-oPMFlKLN+g+y7a79cLK3WiLcjWFnZQtXWgnLAbHZcN3s7L4v90UHpTOrLk+m3yr0gt+/h9STTM6zrr7PM8uoRw==
    dependencies:
      "@ethersproject/bignumber" "^5.6.0"
      "@ethersproject/bytes" "^5.6.0"
      "@ethersproject/logger" "^5.6.0"
      "@ethersproject/networks" "^5.6.0"
      "@ethersproject/properties" "^5.6.0"
      "@ethersproject/transactions" "^5.6.0"
      "@ethersproject/web" "^5.6.0"
  
  "@ethersproject/abstract-signer@5.6.0", "@ethersproject/abstract-signer@^5.6.0":
    version "5.6.0"
    resolved "https://registry.yarnpkg.com/@ethersproject/abstract-signer/-/abstract-signer-5.6.0.tgz#9cd7ae9211c2b123a3b29bf47aab17d4d016e3e7"
    integrity sha512-WOqnG0NJKtI8n0wWZPReHtaLkDByPL67tn4nBaDAhmVq8sjHTPbCdz4DRhVu/cfTOvfy9w3iq5QZ7BX7zw56BQ==
    dependencies:
      "@ethersproject/abstract-provider" "^5.6.0"
      "@ethersproject/bignumber" "^5.6.0"
      "@ethersproject/bytes" "^5.6.0"
      "@ethersproject/logger" "^5.6.0"
      "@ethersproject/properties" "^5.6.0"
  
  "@ethersproject/address@5.6.0", "@ethersproject/address@^5.6.0":
    version "5.6.0"
    resolved "https://registry.yarnpkg.com/@ethersproject/address/-/address-5.6.0.tgz#13c49836d73e7885fc148ad633afad729da25012"
    integrity sha512-6nvhYXjbXsHPS+30sHZ+U4VMagFC/9zAk6Gd/h3S21YW4+yfb0WfRtaAIZ4kfM4rrVwqiy284LP0GtL5HXGLxQ==
    dependencies:
      "@ethersproject/bignumber" "^5.6.0"
      "@ethersproject/bytes" "^5.6.0"
      "@ethersproject/keccak256" "^5.6.0"
      "@ethersproject/logger" "^5.6.0"
      "@ethersproject/rlp" "^5.6.0"
  
  "@ethersproject/base64@5.6.0", "@ethersproject/base64@^5.6.0":
    version "5.6.0"
    resolved "https://registry.yarnpkg.com/@ethersproject/base64/-/base64-5.6.0.tgz#a12c4da2a6fb86d88563216b0282308fc15907c9"
    integrity sha512-2Neq8wxJ9xHxCF9TUgmKeSh9BXJ6OAxWfeGWvbauPh8FuHEjamgHilllx8KkSd5ErxyHIX7Xv3Fkcud2kY9ezw==
    dependencies:
      "@ethersproject/bytes" "^5.6.0"
  
  "@ethersproject/basex@5.6.0", "@ethersproject/basex@^5.6.0":
    version "5.6.0"
    resolved "https://registry.yarnpkg.com/@ethersproject/basex/-/basex-5.6.0.tgz#9ea7209bf0a1c3ddc2a90f180c3a7f0d7d2e8a69"
    integrity sha512-qN4T+hQd/Md32MoJpc69rOwLYRUXwjTlhHDIeUkUmiN/JyWkkLLMoG0TqvSQKNqZOMgN5stbUYN6ILC+eD7MEQ==
    dependencies:
      "@ethersproject/bytes" "^5.6.0"
      "@ethersproject/properties" "^5.6.0"
  
  "@ethersproject/bignumber@5.6.0", "@ethersproject/bignumber@^5.6.0":
    version "5.6.0"
    resolved "https://registry.yarnpkg.com/@ethersproject/bignumber/-/bignumber-5.6.0.tgz#116c81b075c57fa765a8f3822648cf718a8a0e26"
    integrity sha512-VziMaXIUHQlHJmkv1dlcd6GY2PmT0khtAqaMctCIDogxkrarMzA9L94KN1NeXqqOfFD6r0sJT3vCTOFSmZ07DA==
    dependencies:
      "@ethersproject/bytes" "^5.6.0"
      "@ethersproject/logger" "^5.6.0"
      bn.js "^4.11.9"
  
  "@ethersproject/bytes@5.6.0", "@ethersproject/bytes@^5.6.0":
    version "5.6.0"
    resolved "https://registry.yarnpkg.com/@ethersproject/bytes/-/bytes-5.6.0.tgz#81652f2a0e04533575befadce555213c11d8aa20"
    integrity sha512-3hJPlYemb9V4VLfJF5BfN0+55vltPZSHU3QKUyP9M3Y2TcajbiRrz65UG+xVHOzBereB1b9mn7r12o177xgN7w==
    dependencies:
      "@ethersproject/logger" "^5.6.0"
  
  "@ethersproject/constants@5.6.0", "@ethersproject/constants@^5.6.0":
    version "5.6.0"
    resolved "https://registry.yarnpkg.com/@ethersproject/constants/-/constants-5.6.0.tgz#55e3eb0918584d3acc0688e9958b0cedef297088"
    integrity sha512-SrdaJx2bK0WQl23nSpV/b1aq293Lh0sUaZT/yYKPDKn4tlAbkH96SPJwIhwSwTsoQQZxuh1jnqsKwyymoiBdWA==
    dependencies:
      "@ethersproject/bignumber" "^5.6.0"
  
  "@ethersproject/contracts@5.6.0":
    version "5.6.0"
    resolved "https://registry.yarnpkg.com/@ethersproject/contracts/-/contracts-5.6.0.tgz#60f2cfc7addd99a865c6c8cfbbcec76297386067"
    integrity sha512-74Ge7iqTDom0NX+mux8KbRUeJgu1eHZ3iv6utv++sLJG80FVuU9HnHeKVPfjd9s3woFhaFoQGf3B3iH/FrQmgw==
    dependencies:
      "@ethersproject/abi" "^5.6.0"
      "@ethersproject/abstract-provider" "^5.6.0"
      "@ethersproject/abstract-signer" "^5.6.0"
      "@ethersproject/address" "^5.6.0"
      "@ethersproject/bignumber" "^5.6.0"
      "@ethersproject/bytes" "^5.6.0"
      "@ethersproject/constants" "^5.6.0"
      "@ethersproject/logger" "^5.6.0"
      "@ethersproject/properties" "^5.6.0"
      "@ethersproject/transactions" "^5.6.0"
  
  "@ethersproject/hash@5.6.0", "@ethersproject/hash@^5.6.0":
    version "5.6.0"
    resolved "https://registry.yarnpkg.com/@ethersproject/hash/-/hash-5.6.0.tgz#d24446a5263e02492f9808baa99b6e2b4c3429a2"
    integrity sha512-fFd+k9gtczqlr0/BruWLAu7UAOas1uRRJvOR84uDf4lNZ+bTkGl366qvniUZHKtlqxBRU65MkOobkmvmpHU+jA==
    dependencies:
      "@ethersproject/abstract-signer" "^5.6.0"
      "@ethersproject/address" "^5.6.0"
      "@ethersproject/bignumber" "^5.6.0"
      "@ethersproject/bytes" "^5.6.0"
      "@ethersproject/keccak256" "^5.6.0"
      "@ethersproject/logger" "^5.6.0"
      "@ethersproject/properties" "^5.6.0"
      "@ethersproject/strings" "^5.6.0"
  
  "@ethersproject/hdnode@5.6.0", "@ethersproject/hdnode@^5.6.0":
    version "5.6.0"
    resolved "https://registry.yarnpkg.com/@ethersproject/hdnode/-/hdnode-5.6.0.tgz#9dcbe8d629bbbcf144f2cae476337fe92d320998"
    integrity sha512-61g3Jp3nwDqJcL/p4nugSyLrpl/+ChXIOtCEM8UDmWeB3JCAt5FoLdOMXQc3WWkc0oM2C0aAn6GFqqMcS/mHTw==
    dependencies:
      "@ethersproject/abstract-signer" "^5.6.0"
      "@ethersproject/basex" "^5.6.0"
      "@ethersproject/bignumber" "^5.6.0"
      "@ethersproject/bytes" "^5.6.0"
      "@ethersproject/logger" "^5.6.0"
      "@ethersproject/pbkdf2" "^5.6.0"
      "@ethersproject/properties" "^5.6.0"
      "@ethersproject/sha2" "^5.6.0"
      "@ethersproject/signing-key" "^5.6.0"
      "@ethersproject/strings" "^5.6.0"
      "@ethersproject/transactions" "^5.6.0"
      "@ethersproject/wordlists" "^5.6.0"
  
  "@ethersproject/json-wallets@5.6.0", "@ethersproject/json-wallets@^5.6.0":
    version "5.6.0"
    resolved "https://registry.yarnpkg.com/@ethersproject/json-wallets/-/json-wallets-5.6.0.tgz#4c2fc27f17e36c583e7a252fb938bc46f98891e5"
    integrity sha512-fmh86jViB9r0ibWXTQipxpAGMiuxoqUf78oqJDlCAJXgnJF024hOOX7qVgqsjtbeoxmcLwpPsXNU0WEe/16qPQ==
    dependencies:
      "@ethersproject/abstract-signer" "^5.6.0"
      "@ethersproject/address" "^5.6.0"
      "@ethersproject/bytes" "^5.6.0"
      "@ethersproject/hdnode" "^5.6.0"
      "@ethersproject/keccak256" "^5.6.0"
      "@ethersproject/logger" "^5.6.0"
      "@ethersproject/pbkdf2" "^5.6.0"
      "@ethersproject/properties" "^5.6.0"
      "@ethersproject/random" "^5.6.0"
      "@ethersproject/strings" "^5.6.0"
      "@ethersproject/transactions" "^5.6.0"
      aes-js "3.0.0"
      scrypt-js "3.0.1"
  
  "@ethersproject/keccak256@5.6.0", "@ethersproject/keccak256@^5.6.0":
    version "5.6.0"
    resolved "https://registry.yarnpkg.com/@ethersproject/keccak256/-/keccak256-5.6.0.tgz#fea4bb47dbf8f131c2e1774a1cecbfeb9d606459"
    integrity sha512-tk56BJ96mdj/ksi7HWZVWGjCq0WVl/QvfhFQNeL8fxhBlGoP+L80uDCiQcpJPd+2XxkivS3lwRm3E0CXTfol0w==
    dependencies:
      "@ethersproject/bytes" "^5.6.0"
      js-sha3 "0.8.0"
  
  "@ethersproject/logger@5.6.0", "@ethersproject/logger@^5.6.0":
    version "5.6.0"
    resolved "https://registry.yarnpkg.com/@ethersproject/logger/-/logger-5.6.0.tgz#d7db1bfcc22fd2e4ab574cba0bb6ad779a9a3e7a"
    integrity sha512-BiBWllUROH9w+P21RzoxJKzqoqpkyM1pRnEKG69bulE9TSQD8SAIvTQqIMZmmCO8pUNkgLP1wndX1gKghSpBmg==
  
  "@ethersproject/networks@5.6.0", "@ethersproject/networks@^5.6.0":
    version "5.6.0"
    resolved "https://registry.yarnpkg.com/@ethersproject/networks/-/networks-5.6.0.tgz#486d03fff29b4b6b5414d47a232ded09fe10de5e"
    integrity sha512-DaVzgyThzHgSDLuURhvkp4oviGoGe9iTZW4jMEORHDRCgSZ9K9THGFKqL+qGXqPAYLEgZTf5z2w56mRrPR1MjQ==
    dependencies:
      "@ethersproject/logger" "^5.6.0"
  
  "@ethersproject/pbkdf2@5.6.0", "@ethersproject/pbkdf2@^5.6.0":
    version "5.6.0"
    resolved "https://registry.yarnpkg.com/@ethersproject/pbkdf2/-/pbkdf2-5.6.0.tgz#04fcc2d7c6bff88393f5b4237d906a192426685a"
    integrity sha512-Wu1AxTgJo3T3H6MIu/eejLFok9TYoSdgwRr5oGY1LTLfmGesDoSx05pemsbrPT2gG4cQME+baTSCp5sEo2erZQ==
    dependencies:
      "@ethersproject/bytes" "^5.6.0"
      "@ethersproject/sha2" "^5.6.0"
  
  "@ethersproject/properties@5.6.0", "@ethersproject/properties@^5.6.0":
    version "5.6.0"
    resolved "https://registry.yarnpkg.com/@ethersproject/properties/-/properties-5.6.0.tgz#38904651713bc6bdd5bdd1b0a4287ecda920fa04"
    integrity sha512-szoOkHskajKePTJSZ46uHUWWkbv7TzP2ypdEK6jGMqJaEt2sb0jCgfBo0gH0m2HBpRixMuJ6TBRaQCF7a9DoCg==
    dependencies:
      "@ethersproject/logger" "^5.6.0"
  
  "@ethersproject/providers@5.6.1":
    version "5.6.1"
    resolved "https://registry.yarnpkg.com/@ethersproject/providers/-/providers-5.6.1.tgz#9a05f00ecbac59565bf6907c8d2af8ac33303b48"
    integrity sha512-w8Wx15nH+aVDvnoKCyI1f3x0B5idmk/bDJXMEUqCfdO8Eadd0QpDx9lDMTMmenhOmf9vufLJXjpSm24D3ZnVpg==
    dependencies:
      "@ethersproject/abstract-provider" "^5.6.0"
      "@ethersproject/abstract-signer" "^5.6.0"
      "@ethersproject/address" "^5.6.0"
      "@ethersproject/basex" "^5.6.0"
      "@ethersproject/bignumber" "^5.6.0"
      "@ethersproject/bytes" "^5.6.0"
      "@ethersproject/constants" "^5.6.0"
      "@ethersproject/hash" "^5.6.0"
      "@ethersproject/logger" "^5.6.0"
      "@ethersproject/networks" "^5.6.0"
      "@ethersproject/properties" "^5.6.0"
      "@ethersproject/random" "^5.6.0"
      "@ethersproject/rlp" "^5.6.0"
      "@ethersproject/sha2" "^5.6.0"
      "@ethersproject/strings" "^5.6.0"
      "@ethersproject/transactions" "^5.6.0"
      "@ethersproject/web" "^5.6.0"
      bech32 "1.1.4"
      ws "7.4.6"
  
  "@ethersproject/random@5.6.0", "@ethersproject/random@^5.6.0":
    version "5.6.0"
    resolved "https://registry.yarnpkg.com/@ethersproject/random/-/random-5.6.0.tgz#1505d1ab6a250e0ee92f436850fa3314b2cb5ae6"
    integrity sha512-si0PLcLjq+NG/XHSZz90asNf+YfKEqJGVdxoEkSukzbnBgC8rydbgbUgBbBGLeHN4kAJwUFEKsu3sCXT93YMsw==
    dependencies:
      "@ethersproject/bytes" "^5.6.0"
      "@ethersproject/logger" "^5.6.0"
  
  "@ethersproject/rlp@5.6.0", "@ethersproject/rlp@^5.6.0":
    version "5.6.0"
    resolved "https://registry.yarnpkg.com/@ethersproject/rlp/-/rlp-5.6.0.tgz#55a7be01c6f5e64d6e6e7edb6061aa120962a717"
    integrity sha512-dz9WR1xpcTL+9DtOT/aDO+YyxSSdO8YIS0jyZwHHSlAmnxA6cKU3TrTd4Xc/bHayctxTgGLYNuVVoiXE4tTq1g==
    dependencies:
      "@ethersproject/bytes" "^5.6.0"
      "@ethersproject/logger" "^5.6.0"
  
  "@ethersproject/sha2@5.6.0", "@ethersproject/sha2@^5.6.0":
    version "5.6.0"
    resolved "https://registry.yarnpkg.com/@ethersproject/sha2/-/sha2-5.6.0.tgz#364c4c11cc753bda36f31f001628706ebadb64d9"
    integrity sha512-1tNWCPFLu1n3JM9t4/kytz35DkuF9MxqkGGEHNauEbaARdm2fafnOyw1s0tIQDPKF/7bkP1u3dbrmjpn5CelyA==
    dependencies:
      "@ethersproject/bytes" "^5.6.0"
      "@ethersproject/logger" "^5.6.0"
      hash.js "1.1.7"
  
  "@ethersproject/signing-key@5.6.0", "@ethersproject/signing-key@^5.6.0":
    version "5.6.0"
    resolved "https://registry.yarnpkg.com/@ethersproject/signing-key/-/signing-key-5.6.0.tgz#4f02e3fb09e22b71e2e1d6dc4bcb5dafa69ce042"
    integrity sha512-S+njkhowmLeUu/r7ir8n78OUKx63kBdMCPssePS89So1TH4hZqnWFsThEd/GiXYp9qMxVrydf7KdM9MTGPFukA==
    dependencies:
      "@ethersproject/bytes" "^5.6.0"
      "@ethersproject/logger" "^5.6.0"
      "@ethersproject/properties" "^5.6.0"
      bn.js "^4.11.9"
      elliptic "6.5.4"
      hash.js "1.1.7"
  
  "@ethersproject/solidity@5.6.0":
    version "5.6.0"
    resolved "https://registry.yarnpkg.com/@ethersproject/solidity/-/solidity-5.6.0.tgz#64657362a596bf7f5630bdc921c07dd78df06dc3"
    integrity sha512-YwF52vTNd50kjDzqKaoNNbC/r9kMDPq3YzDWmsjFTRBcIF1y4JCQJ8gB30wsTfHbaxgxelI5BfxQSxD/PbJOww==
    dependencies:
      "@ethersproject/bignumber" "^5.6.0"
      "@ethersproject/bytes" "^5.6.0"
      "@ethersproject/keccak256" "^5.6.0"
      "@ethersproject/logger" "^5.6.0"
      "@ethersproject/sha2" "^5.6.0"
      "@ethersproject/strings" "^5.6.0"
  
  "@ethersproject/strings@5.6.0", "@ethersproject/strings@^5.6.0":
    version "5.6.0"
    resolved "https://registry.yarnpkg.com/@ethersproject/strings/-/strings-5.6.0.tgz#9891b26709153d996bf1303d39a7f4bc047878fd"
    integrity sha512-uv10vTtLTZqrJuqBZR862ZQjTIa724wGPWQqZrofaPI/kUsf53TBG0I0D+hQ1qyNtllbNzaW+PDPHHUI6/65Mg==
    dependencies:
      "@ethersproject/bytes" "^5.6.0"
      "@ethersproject/constants" "^5.6.0"
      "@ethersproject/logger" "^5.6.0"
  
  "@ethersproject/transactions@5.6.0", "@ethersproject/transactions@^5.6.0":
    version "5.6.0"
    resolved "https://registry.yarnpkg.com/@ethersproject/transactions/-/transactions-5.6.0.tgz#4b594d73a868ef6e1529a2f8f94a785e6791ae4e"
    integrity sha512-4HX+VOhNjXHZyGzER6E/LVI2i6lf9ejYeWD6l4g50AdmimyuStKc39kvKf1bXWQMg7QNVh+uC7dYwtaZ02IXeg==
    dependencies:
      "@ethersproject/address" "^5.6.0"
      "@ethersproject/bignumber" "^5.6.0"
      "@ethersproject/bytes" "^5.6.0"
      "@ethersproject/constants" "^5.6.0"
      "@ethersproject/keccak256" "^5.6.0"
      "@ethersproject/logger" "^5.6.0"
      "@ethersproject/properties" "^5.6.0"
      "@ethersproject/rlp" "^5.6.0"
      "@ethersproject/signing-key" "^5.6.0"
  
  "@ethersproject/units@5.6.0":
    version "5.6.0"
    resolved "https://registry.yarnpkg.com/@ethersproject/units/-/units-5.6.0.tgz#e5cbb1906988f5740254a21b9ded6bd51e826d9c"
    integrity sha512-tig9x0Qmh8qbo1w8/6tmtyrm/QQRviBh389EQ+d8fP4wDsBrJBf08oZfoiz1/uenKK9M78yAP4PoR7SsVoTjsw==
    dependencies:
      "@ethersproject/bignumber" "^5.6.0"
      "@ethersproject/constants" "^5.6.0"
      "@ethersproject/logger" "^5.6.0"
  
  "@ethersproject/wallet@5.6.0":
    version "5.6.0"
    resolved "https://registry.yarnpkg.com/@ethersproject/wallet/-/wallet-5.6.0.tgz#33d11a806d783864208f348709a5a3badac8e22a"
    integrity sha512-qMlSdOSTyp0MBeE+r7SUhr1jjDlC1zAXB8VD84hCnpijPQiSNbxr6GdiLXxpUs8UKzkDiNYYC5DRI3MZr+n+tg==
    dependencies:
      "@ethersproject/abstract-provider" "^5.6.0"
      "@ethersproject/abstract-signer" "^5.6.0"
      "@ethersproject/address" "^5.6.0"
      "@ethersproject/bignumber" "^5.6.0"
      "@ethersproject/bytes" "^5.6.0"
      "@ethersproject/hash" "^5.6.0"
      "@ethersproject/hdnode" "^5.6.0"
      "@ethersproject/json-wallets" "^5.6.0"
      "@ethersproject/keccak256" "^5.6.0"
      "@ethersproject/logger" "^5.6.0"
      "@ethersproject/properties" "^5.6.0"
      "@ethersproject/random" "^5.6.0"
      "@ethersproject/signing-key" "^5.6.0"
      "@ethersproject/transactions" "^5.6.0"
      "@ethersproject/wordlists" "^5.6.0"
  
  "@ethersproject/web@5.6.0", "@ethersproject/web@^5.6.0":
    version "5.6.0"
    resolved "https://registry.yarnpkg.com/@ethersproject/web/-/web-5.6.0.tgz#4bf8b3cbc17055027e1a5dd3c357e37474eaaeb8"
    integrity sha512-G/XHj0hV1FxI2teHRfCGvfBUHFmU+YOSbCxlAMqJklxSa7QMiHFQfAxvwY2PFqgvdkxEKwRNr/eCjfAPEm2Ctg==
    dependencies:
      "@ethersproject/base64" "^5.6.0"
      "@ethersproject/bytes" "^5.6.0"
      "@ethersproject/logger" "^5.6.0"
      "@ethersproject/properties" "^5.6.0"
      "@ethersproject/strings" "^5.6.0"
  
  "@ethersproject/wordlists@5.6.0", "@ethersproject/wordlists@^5.6.0":
    version "5.6.0"
    resolved "https://registry.yarnpkg.com/@ethersproject/wordlists/-/wordlists-5.6.0.tgz#79e62c5276e091d8575f6930ba01a29218ded032"
    integrity sha512-q0bxNBfIX3fUuAo9OmjlEYxP40IB8ABgb7HjEZCL5IKubzV3j30CWi2rqQbjTS2HfoyQbfINoKcTVWP4ejwR7Q==
    dependencies:
      "@ethersproject/bytes" "^5.6.0"
      "@ethersproject/hash" "^5.6.0"
      "@ethersproject/logger" "^5.6.0"
      "@ethersproject/properties" "^5.6.0"
      "@ethersproject/strings" "^5.6.0"
  
  "@grpc/grpc-js@~1.3.8":
    version "1.3.8"
    resolved "https://registry.yarnpkg.com/@grpc/grpc-js/-/grpc-js-1.3.8.tgz#0d7dce9de7aeb20702a28f0704e61b0bf34061c1"
    integrity sha512-4qJqqn+CU/nBydz9ePJP+oa8dz0U42Ut/GejlbyaQ1xTkynCc+ndNHHnISlNeHawDsv4MOAyP3mV/EnDNUw2zA==
    dependencies:
      "@types/node" ">=12.12.47"
  
  "@logdna/tail-file@^2.0.6":
    version "2.1.1"
    resolved "https://registry.yarnpkg.com/@logdna/tail-file/-/tail-file-2.1.1.tgz#06a84273fcd6f32600db69daff3b04017b5005cd"
    integrity sha512-WVq5fr6nHJY2+pBxSpAGRsYjekwILQWJLcfRoo2cr7SpXZ4BhbW/9AfYyWNRP36vBssaMR1AoyK5d1jA+ykBhw==
  
  "@protobufjs/aspromise@^1.1.1", "@protobufjs/aspromise@^1.1.2":
    version "1.1.2"
    resolved "https://registry.yarnpkg.com/@protobufjs/aspromise/-/aspromise-1.1.2.tgz#9b8b0cc663d669a7d8f6f5d0893a14d348f30fbf"
    integrity sha1-m4sMxmPWaafY9vXQiToU00jzD78=
  
  "@protobufjs/base64@^1.1.2":
    version "1.1.2"
    resolved "https://registry.yarnpkg.com/@protobufjs/base64/-/base64-1.1.2.tgz#4c85730e59b9a1f1f349047dbf24296034bb2735"
    integrity sha512-AZkcAA5vnN/v4PDqKyMR5lx7hZttPDgClv83E//FMNhR2TMcLUhfRUBHCmSl0oi9zMgDDqRUJkSxO3wm85+XLg==
  
  "@protobufjs/codegen@^2.0.4":
    version "2.0.4"
    resolved "https://registry.yarnpkg.com/@protobufjs/codegen/-/codegen-2.0.4.tgz#7ef37f0d010fb028ad1ad59722e506d9262815cb"
    integrity sha512-YyFaikqM5sH0ziFZCN3xDC7zeGaB/d0IUb9CATugHWbd1FRFwWwt4ld4OYMPWu5a3Xe01mGAULCdqhMlPl29Jg==
  
  "@protobufjs/eventemitter@^1.1.0":
    version "1.1.0"
    resolved "https://registry.yarnpkg.com/@protobufjs/eventemitter/-/eventemitter-1.1.0.tgz#355cbc98bafad5978f9ed095f397621f1d066b70"
    integrity sha1-NVy8mLr61ZePntCV85diHx0Ga3A=
  
  "@protobufjs/fetch@^1.1.0":
    version "1.1.0"
    resolved "https://registry.yarnpkg.com/@protobufjs/fetch/-/fetch-1.1.0.tgz#ba99fb598614af65700c1619ff06d454b0d84c45"
    integrity sha1-upn7WYYUr2VwDBYZ/wbUVLDYTEU=
    dependencies:
      "@protobufjs/aspromise" "^1.1.1"
      "@protobufjs/inquire" "^1.1.0"
  
  "@protobufjs/float@^1.0.2":
    version "1.0.2"
    resolved "https://registry.yarnpkg.com/@protobufjs/float/-/float-1.0.2.tgz#5e9e1abdcb73fc0a7cb8b291df78c8cbd97b87d1"
    integrity sha1-Xp4avctz/Ap8uLKR33jIy9l7h9E=
  
  "@protobufjs/inquire@^1.1.0":
    version "1.1.0"
    resolved "https://registry.yarnpkg.com/@protobufjs/inquire/-/inquire-1.1.0.tgz#ff200e3e7cf2429e2dcafc1140828e8cc638f089"
    integrity sha1-/yAOPnzyQp4tyvwRQIKOjMY48Ik=
  
  "@protobufjs/path@^1.1.2":
    version "1.1.2"
    resolved "https://registry.yarnpkg.com/@protobufjs/path/-/path-1.1.2.tgz#6cc2b20c5c9ad6ad0dccfd21ca7673d8d7fbf68d"
    integrity sha1-bMKyDFya1q0NzP0hynZz2Nf79o0=
  
  "@protobufjs/pool@^1.1.0":
    version "1.1.0"
    resolved "https://registry.yarnpkg.com/@protobufjs/pool/-/pool-1.1.0.tgz#09fd15f2d6d3abfa9b65bc366506d6ad7846ff54"
    integrity sha1-Cf0V8tbTq/qbZbw2ZQbWrXhG/1Q=
  
  "@protobufjs/utf8@^1.1.0":
    version "1.1.0"
    resolved "https://registry.yarnpkg.com/@protobufjs/utf8/-/utf8-1.1.0.tgz#a777360b5b39a1a2e5106f8e858f2fd2d060c570"
    integrity sha1-p3c2C1s5oaLlEG+OhY8v0tBgxXA=
  
  "@pulumi/aws@^4.0.0":
    version "4.38.1"
    resolved "https://registry.yarnpkg.com/@pulumi/aws/-/aws-4.38.1.tgz#323de64ed7d563faa20975b5a6fa0c7e6584005c"
    integrity sha512-WeOprXm/c9n8QmP5qLNEVk1FZTCa7KGgUj/P1drlazJr1LIvrq+KSWcUxayLeFJvpLCbYd19aI2jdyQqZJAjEw==
    dependencies:
      "@pulumi/pulumi" "^3.0.0"
      aws-sdk "^2.0.0"
      builtin-modules "3.0.0"
      mime "^2.0.0"
      read-package-tree "^5.2.1"
      resolve "^1.7.1"
  
  "@pulumi/awsx@^0.30.0":
    version "0.30.0"
    resolved "https://registry.yarnpkg.com/@pulumi/awsx/-/awsx-0.30.0.tgz#cbab6f745aa09ee7179880c99149f2d17c2e7b19"
    integrity sha512-QtYVDFSkZxJ/JkAxaSwms9i/tJU2rA9F/VncCN6e8D0r29C5t4eYQhmB4chsLww9AjWJPRM7CXosDJs8+gy1Zg==
    dependencies:
      "@pulumi/docker" "^3.0.0"
      "@types/aws-lambda" "^8.10.23"
      mime "^2.0.0"
  
  "@pulumi/docker@^3.0.0":
    version "3.1.0"
    resolved "https://registry.yarnpkg.com/@pulumi/docker/-/docker-3.1.0.tgz#f47e2663ebe227d000db592f01514c28f9ce6cc4"
    integrity sha512-8IQGo+Hj6oxgzP6p4/lhO/GjNDISaIm8YuuecD4W+e0fIt5KfEMKNLLhJD8SD5pSuOBM6EkF5W1kJAQb9CpK0g==
    dependencies:
      "@pulumi/pulumi" "^3.0.0"
      semver "^5.4.0"
  
  "@pulumi/pulumi@^3.0.0":
    version "3.26.1"
    resolved "https://registry.yarnpkg.com/@pulumi/pulumi/-/pulumi-3.26.1.tgz#d18931db926b7af59bdc62a37dde103a813f5e18"
    integrity sha512-tsj2WR43b8+uMvJq9LNHNxSKfI3HNP+rE2fAAP7cZ/7YLGxBXAA/Y9X/8MbiIqkN03QtKY5q0l7/djTTBW7FPQ==
    dependencies:
      "@grpc/grpc-js" "~1.3.8"
      "@logdna/tail-file" "^2.0.6"
      "@pulumi/query" "^0.3.0"
      google-protobuf "^3.5.0"
      js-yaml "^3.14.0"
      minimist "^1.2.0"
      normalize-package-data "^2.4.0"
      protobufjs "^6.8.6"
      read-package-tree "^5.3.1"
      require-from-string "^2.0.1"
      semver "^6.1.0"
      source-map-support "^0.4.16"
      ts-node "^7.0.1"
      typescript "~3.7.3"
      upath "^1.1.0"
  
  "@pulumi/query@^0.3.0":
    version "0.3.0"
    resolved "https://registry.yarnpkg.com/@pulumi/query/-/query-0.3.0.tgz#f496608e86a18c3dd31b6c533408e2441c29071d"
    integrity sha512-xfo+yLRM2zVjVEA4p23IjQWzyWl1ZhWOGobsBqRpIarzLvwNH/RAGaoehdxlhx4X92302DrpdIFgTICMN4P38w==
  
  "@types/aws-lambda@^8.10.23":
    version "8.10.93"
    resolved "https://registry.yarnpkg.com/@types/aws-lambda/-/aws-lambda-8.10.93.tgz#3e2c80894122477040aabf29b7320556f5702a76"
    integrity sha512-Vsyi9ogDAY3REZDjYnXMRJJa62SDvxHXxJI5nGDQdZW058dDE+av/anynN2rLKbCKXDRNw3D/sQmqxVflZFi4A==
  
  "@types/long@^4.0.1":
    version "4.0.1"
    resolved "https://registry.yarnpkg.com/@types/long/-/long-4.0.1.tgz#459c65fa1867dafe6a8f322c4c51695663cc55e9"
    integrity sha512-5tXH6Bx/kNGd3MgffdmP4dy2Z+G4eaXw0SE81Tq3BNadtnMR5/ySMzX4SLEzHJzSmPNn4HIdpQsBvXMUykr58w==
  
  "@types/node@>=12.12.47", "@types/node@>=13.7.0":
    version "17.0.21"
    resolved "https://registry.yarnpkg.com/@types/node/-/node-17.0.21.tgz#864b987c0c68d07b4345845c3e63b75edd143644"
    integrity sha512-DBZCJbhII3r90XbQxI8Y9IjjiiOGlZ0Hr32omXIZvwwZ7p4DMMXGrKXVyPfuoBOri9XNtL0UK69jYIBIsRX3QQ==
  
  aes-js@3.0.0:
    version "3.0.0"
    resolved "https://registry.yarnpkg.com/aes-js/-/aes-js-3.0.0.tgz#e21df10ad6c2053295bcbb8dab40b09dbea87e4d"
    integrity sha1-4h3xCtbCBTKVvLuNq0Cwnb6ofk0=
  
  argparse@^1.0.7:
    version "1.0.10"
    resolved "https://registry.yarnpkg.com/argparse/-/argparse-1.0.10.tgz#bcd6791ea5ae09725e17e5ad988134cd40b3d911"
    integrity sha512-o5Roy6tNG4SL/FOkCAN6RzjiakZS25RLYFrcMttJqbdd8BWrnA+fGz57iN5Pb06pvBGvl5gQ0B48dJlslXvoTg==
    dependencies:
      sprintf-js "~1.0.2"
  
  arrify@^1.0.0:
    version "1.0.1"
    resolved "https://registry.yarnpkg.com/arrify/-/arrify-1.0.1.tgz#898508da2226f380df904728456849c1501a4b0d"
    integrity sha1-iYUI2iIm84DfkEcoRWhJwVAaSw0=
  
  asap@^2.0.0:
    version "2.0.6"
    resolved "https://registry.yarnpkg.com/asap/-/asap-2.0.6.tgz#e50347611d7e690943208bbdafebcbc2fb866d46"
    integrity sha1-5QNHYR1+aQlDIIu9r+vLwvuGbUY=
  
  aws-sdk@^2.0.0:
    version "2.1094.0"
    resolved "https://registry.yarnpkg.com/aws-sdk/-/aws-sdk-2.1094.0.tgz#85cc5fb416ce7af356f1dd1b14fbb714cd923800"
    integrity sha512-g/pjEl1JKs8+UZSdfdTMwUh7oNSWy6LXkjd0WfI3TBVgU5+yE5bd1VtAiJxJ/kIOFwcWyGPy0fNkGjAqL6NAGw==
    dependencies:
      buffer "4.9.2"
      events "1.1.1"
      ieee754 "1.1.13"
      jmespath "0.16.0"
      querystring "0.2.0"
      sax "1.2.1"
      url "0.10.3"
      uuid "3.3.2"
      xml2js "0.4.19"
  
  axios@^0.26.1:
    version "0.26.1"
    resolved "https://registry.yarnpkg.com/axios/-/axios-0.26.1.tgz#1ede41c51fcf51bbbd6fd43669caaa4f0495aaa9"
    integrity sha512-fPwcX4EvnSHuInCMItEhAGnaSEXRBjtzh9fOtsE6E1G6p7vl7edEeZe11QHf18+6+9gR5PbKV/sGKNaD8YaMeA==
    dependencies:
      follow-redirects "^1.14.8"
  
  balanced-match@^1.0.0:
    version "1.0.2"
    resolved "https://registry.yarnpkg.com/balanced-match/-/balanced-match-1.0.2.tgz#e83e3a7e3f300b34cb9d87f615fa0cbf357690ee"
    integrity sha512-3oSeUO0TMV67hN1AmbXsK4yaqU7tjiHlbxRDZOpH0KW9+CeX4bRAaX0Anxt0tx2MrpRpWwQaPwIlISEJhYU5Pw==
  
  base64-js@^1.0.2:
    version "1.5.1"
    resolved "https://registry.yarnpkg.com/base64-js/-/base64-js-1.5.1.tgz#1b1b440160a5bf7ad40b650f095963481903930a"
    integrity sha512-AKpaYlHn8t4SVbOHCy+b5+KKgvR4vrsD8vbvrbiQJps7fKDTkjkDry6ji0rUJjC0kzbNePLwzxq8iypo41qeWA==
  
  bech32@1.1.4:
    version "1.1.4"
    resolved "https://registry.yarnpkg.com/bech32/-/bech32-1.1.4.tgz#e38c9f37bf179b8eb16ae3a772b40c356d4832e9"
    integrity sha512-s0IrSOzLlbvX7yp4WBfPITzpAU8sqQcpsmwXDiKwrG4r491vwCO/XpejasRNl0piBMe/DvP4Tz0mIS/X1DPJBQ==
  
  bn.js@^4.11.9:
    version "4.12.0"
    resolved "https://registry.yarnpkg.com/bn.js/-/bn.js-4.12.0.tgz#775b3f278efbb9718eec7361f483fb36fbbfea88"
    integrity sha512-c98Bf3tPniI+scsdk237ku1Dc3ujXQTSgyiPUDEOe7tRkhrqridvh8klBv0HCEso1OLOYcHuCv/cS6DNxKH+ZA==
  
  brace-expansion@^1.1.7:
    version "1.1.11"
    resolved "https://registry.yarnpkg.com/brace-expansion/-/brace-expansion-1.1.11.tgz#3c7fcbf529d87226f3d2f52b966ff5271eb441dd"
    integrity sha512-iCuPHDFgrHX7H2vEI/5xpz07zSHB00TpugqhmYtVmMO6518mCuRMoOYFldEBl0g187ufozdaHgWKcYFb61qGiA==
    dependencies:
      balanced-match "^1.0.0"
      concat-map "0.0.1"
  
  brorand@^1.1.0:
    version "1.1.0"
    resolved "https://registry.yarnpkg.com/brorand/-/brorand-1.1.0.tgz#12c25efe40a45e3c323eb8675a0a0ce57b22371f"
    integrity sha1-EsJe/kCkXjwyPrhnWgoM5XsiNx8=
  
  buffer-from@^1.0.0, buffer-from@^1.1.0:
    version "1.1.2"
    resolved "https://registry.yarnpkg.com/buffer-from/-/buffer-from-1.1.2.tgz#2b146a6fd72e80b4f55d255f35ed59a3a9a41bd5"
    integrity sha512-E+XQCRwSbaaiChtv6k6Dwgc+bx+Bs6vuKJHHl5kox/BaKbhiXzqQOwK4cO22yElGp2OCmjwVhT3HmxgyPGnJfQ==
  
  buffer@4.9.2:
    version "4.9.2"
    resolved "https://registry.yarnpkg.com/buffer/-/buffer-4.9.2.tgz#230ead344002988644841ab0244af8c44bbe3ef8"
    integrity sha512-xq+q3SRMOxGivLhBNaUdC64hDTQwejJ+H0T/NB1XMtTVEwNTrfFF3gAxiyW0Bu/xWEGhjVKgUcMhCrUy2+uCWg==
    dependencies:
      base64-js "^1.0.2"
      ieee754 "^1.1.4"
      isarray "^1.0.0"
  
  builtin-modules@3.0.0:
    version "3.0.0"
    resolved "https://registry.yarnpkg.com/builtin-modules/-/builtin-modules-3.0.0.tgz#1e587d44b006620d90286cc7a9238bbc6129cab1"
    integrity sha512-hMIeU4K2ilbXV6Uv93ZZ0Avg/M91RaKXucQ+4me2Do1txxBDyDZWCBa5bJSLqoNTRpXTLwEzIk1KmloenDDjhg==
  
  call-bind@^1.0.0, call-bind@^1.0.2:
    version "1.0.2"
    resolved "https://registry.yarnpkg.com/call-bind/-/call-bind-1.0.2.tgz#b1d4e89e688119c3c9a903ad30abb2f6a919be3c"
    integrity sha512-7O+FbCihrB5WGbFYesctwmTKae6rOiIzmz1icreWJ+0aA7LJfuqhEso2T9ncpcFtzMQtzXf2QGGueWJGTYsqrA==
    dependencies:
      function-bind "^1.1.1"
      get-intrinsic "^1.0.2"
  
  concat-map@0.0.1:
    version "0.0.1"
    resolved "https://registry.yarnpkg.com/concat-map/-/concat-map-0.0.1.tgz#d8a96bd77fd68df7793a73036a3ba0d5405d477b"
    integrity sha1-2Klr13/Wjfd5OnMDajug1UBdR3s=
  
  debuglog@^1.0.1:
    version "1.0.1"
    resolved "https://registry.yarnpkg.com/debuglog/-/debuglog-1.0.1.tgz#aa24ffb9ac3df9a2351837cfb2d279360cd78492"
    integrity sha1-qiT/uaw9+aI1GDfPstJ5NgzXhJI=
  
  define-properties@^1.1.3:
    version "1.1.3"
    resolved "https://registry.yarnpkg.com/define-properties/-/define-properties-1.1.3.tgz#cf88da6cbee26fe6db7094f61d870cbd84cee9f1"
    integrity sha512-3MqfYKj2lLzdMSf8ZIZE/V+Zuy+BgD6f164e8K2w7dgnpKArBDerGYpM46IYYcjnkdPNMjPk9A6VFB8+3SKlXQ==
    dependencies:
      object-keys "^1.0.12"
  
  dezalgo@^1.0.0:
    version "1.0.3"
    resolved "https://registry.yarnpkg.com/dezalgo/-/dezalgo-1.0.3.tgz#7f742de066fc748bc8db820569dddce49bf0d456"
    integrity sha1-f3Qt4Gb8dIvI24IFad3c5Jvw1FY=
    dependencies:
      asap "^2.0.0"
      wrappy "1"
  
  diff@^3.1.0:
    version "3.5.0"
    resolved "https://registry.yarnpkg.com/diff/-/diff-3.5.0.tgz#800c0dd1e0a8bfbc95835c202ad220fe317e5a12"
    integrity sha512-A46qtFgd+g7pDZinpnwiRJtxbC1hpgf0uzP3iG89scHk0AUC7A1TGxf5OiiOUv/JMZR8GOt8hL900hV0bOy5xA==
  
  dotenv@^16.0.0:
    version "16.0.0"
    resolved "https://registry.yarnpkg.com/dotenv/-/dotenv-16.0.0.tgz#c619001253be89ebb638d027b609c75c26e47411"
    integrity sha512-qD9WU0MPM4SWLPJy/r2Be+2WgQj8plChsyrCNQzW/0WjvcJQiKQJ9mH3ZgB3fxbUUxgc/11ZJ0Fi5KiimWGz2Q==
  
  elliptic@6.5.4:
    version "6.5.4"
    resolved "https://registry.yarnpkg.com/elliptic/-/elliptic-6.5.4.tgz#da37cebd31e79a1367e941b592ed1fbebd58abbb"
    integrity sha512-iLhC6ULemrljPZb+QutR5TQGB+pdW6KGD5RSegS+8sorOZT+rdQFbsQFJgvN3eRqNALqJer4oQ16YvJHlU8hzQ==
    dependencies:
      bn.js "^4.11.9"
      brorand "^1.1.0"
      hash.js "^1.0.0"
      hmac-drbg "^1.0.1"
      inherits "^2.0.4"
      minimalistic-assert "^1.0.1"
      minimalistic-crypto-utils "^1.0.1"
  
  es-abstract@^1.19.1:
    version "1.19.1"
    resolved "https://registry.yarnpkg.com/es-abstract/-/es-abstract-1.19.1.tgz#d4885796876916959de78edaa0df456627115ec3"
    integrity sha512-2vJ6tjA/UfqLm2MPs7jxVybLoB8i1t1Jd9R3kISld20sIxPcTbLuggQOUxeWeAvIUkduv/CfMjuh4WmiXr2v9w==
    dependencies:
      call-bind "^1.0.2"
      es-to-primitive "^1.2.1"
      function-bind "^1.1.1"
      get-intrinsic "^1.1.1"
      get-symbol-description "^1.0.0"
      has "^1.0.3"
      has-symbols "^1.0.2"
      internal-slot "^1.0.3"
      is-callable "^1.2.4"
      is-negative-zero "^2.0.1"
      is-regex "^1.1.4"
      is-shared-array-buffer "^1.0.1"
      is-string "^1.0.7"
      is-weakref "^1.0.1"
      object-inspect "^1.11.0"
      object-keys "^1.1.1"
      object.assign "^4.1.2"
      string.prototype.trimend "^1.0.4"
      string.prototype.trimstart "^1.0.4"
      unbox-primitive "^1.0.1"
  
  es-to-primitive@^1.2.1:
    version "1.2.1"
    resolved "https://registry.yarnpkg.com/es-to-primitive/-/es-to-primitive-1.2.1.tgz#e55cd4c9cdc188bcefb03b366c736323fc5c898a"
    integrity sha512-QCOllgZJtaUo9miYBcLChTUaHNjJF3PYs1VidD7AwiEj1kYxKeQTctLAezAOH5ZKRH0g2IgPn6KwB4IT8iRpvA==
    dependencies:
      is-callable "^1.1.4"
      is-date-object "^1.0.1"
      is-symbol "^1.0.2"
  
  esprima@^4.0.0:
    version "4.0.1"
    resolved "https://registry.yarnpkg.com/esprima/-/esprima-4.0.1.tgz#13b04cdb3e6c5d19df91ab6987a8695619b0aa71"
    integrity sha512-eGuFFw7Upda+g4p+QHvnW0RyTX/SVeJBDM/gCtMARO0cLuT2HcEKnTPvhjV6aGeqrCB/sbNop0Kszm0jsaWU4A==
  
  ethers@^5.6.1:
    version "5.6.1"
    resolved "https://registry.yarnpkg.com/ethers/-/ethers-5.6.1.tgz#a56cd67f1595b745dc3dde0ccf2b5de53a41a6d0"
    integrity sha512-qtl/2W+dwmUa5Z3JqwsbV3JEBZZHNARe5K/A2ePcNAuhJYnEKIgGOT/O9ouPwBijSqVoQnmQMzi5D48LFNOY2A==
    dependencies:
      "@ethersproject/abi" "5.6.0"
      "@ethersproject/abstract-provider" "5.6.0"
      "@ethersproject/abstract-signer" "5.6.0"
      "@ethersproject/address" "5.6.0"
      "@ethersproject/base64" "5.6.0"
      "@ethersproject/basex" "5.6.0"
      "@ethersproject/bignumber" "5.6.0"
      "@ethersproject/bytes" "5.6.0"
      "@ethersproject/constants" "5.6.0"
      "@ethersproject/contracts" "5.6.0"
      "@ethersproject/hash" "5.6.0"
      "@ethersproject/hdnode" "5.6.0"
      "@ethersproject/json-wallets" "5.6.0"
      "@ethersproject/keccak256" "5.6.0"
      "@ethersproject/logger" "5.6.0"
      "@ethersproject/networks" "5.6.0"
      "@ethersproject/pbkdf2" "5.6.0"
      "@ethersproject/properties" "5.6.0"
      "@ethersproject/providers" "5.6.1"
      "@ethersproject/random" "5.6.0"
      "@ethersproject/rlp" "5.6.0"
      "@ethersproject/sha2" "5.6.0"
      "@ethersproject/signing-key" "5.6.0"
      "@ethersproject/solidity" "5.6.0"
      "@ethersproject/strings" "5.6.0"
      "@ethersproject/transactions" "5.6.0"
      "@ethersproject/units" "5.6.0"
      "@ethersproject/wallet" "5.6.0"
      "@ethersproject/web" "5.6.0"
      "@ethersproject/wordlists" "5.6.0"
  
  events@1.1.1:
    version "1.1.1"
    resolved "https://registry.yarnpkg.com/events/-/events-1.1.1.tgz#9ebdb7635ad099c70dcc4c2a1f5004288e8bd924"
    integrity sha1-nr23Y1rQmccNzEwqH1AEKI6L2SQ=
  
  follow-redirects@^1.14.8:
    version "1.14.9"
    resolved "https://registry.yarnpkg.com/follow-redirects/-/follow-redirects-1.14.9.tgz#dd4ea157de7bfaf9ea9b3fbd85aa16951f78d8d7"
    integrity sha512-MQDfihBQYMcyy5dhRDJUHcw7lb2Pv/TuE6xP1vyraLukNDHKbDxDNaOE3NbCAdKQApno+GPRyo1YAp89yCjK4w==
  
  fs.realpath@^1.0.0:
    version "1.0.0"
    resolved "https://registry.yarnpkg.com/fs.realpath/-/fs.realpath-1.0.0.tgz#1504ad2523158caa40db4a2787cb01411994ea4f"
    integrity sha1-FQStJSMVjKpA20onh8sBQRmU6k8=
  
  function-bind@^1.1.1:
    version "1.1.1"
    resolved "https://registry.yarnpkg.com/function-bind/-/function-bind-1.1.1.tgz#a56899d3ea3c9bab874bb9773b7c5ede92f4895d"
    integrity sha512-yIovAzMX49sF8Yl58fSCWJ5svSLuaibPxXQJFLmBObTuCr0Mf1KiPopGM9NiFjiYBCbfaa2Fh6breQ6ANVTI0A==
  
  get-intrinsic@^1.0.2, get-intrinsic@^1.1.0, get-intrinsic@^1.1.1:
    version "1.1.1"
    resolved "https://registry.yarnpkg.com/get-intrinsic/-/get-intrinsic-1.1.1.tgz#15f59f376f855c446963948f0d24cd3637b4abc6"
    integrity sha512-kWZrnVM42QCiEA2Ig1bG8zjoIMOgxWwYCEeNdwY6Tv/cOSeGpcoX4pXHfKUxNKVoArnrEr2e9srnAxxGIraS9Q==
    dependencies:
      function-bind "^1.1.1"
      has "^1.0.3"
      has-symbols "^1.0.1"
  
  get-symbol-description@^1.0.0:
    version "1.0.0"
    resolved "https://registry.yarnpkg.com/get-symbol-description/-/get-symbol-description-1.0.0.tgz#7fdb81c900101fbd564dd5f1a30af5aadc1e58d6"
    integrity sha512-2EmdH1YvIQiZpltCNgkuiUnyukzxM/R6NDJX31Ke3BG1Nq5b0S2PhX59UKi9vZpPDQVdqn+1IcaAwnzTT5vCjw==
    dependencies:
      call-bind "^1.0.2"
      get-intrinsic "^1.1.1"
  
  glob@^7.1.1:
    version "7.2.0"
    resolved "https://registry.yarnpkg.com/glob/-/glob-7.2.0.tgz#d15535af7732e02e948f4c41628bd910293f6023"
    integrity sha512-lmLf6gtyrPq8tTjSmrO94wBeQbFR3HbLHbuyD69wuyQkImp2hWqMGB47OX65FBkPffO641IP9jWa1z4ivqG26Q==
    dependencies:
      fs.realpath "^1.0.0"
      inflight "^1.0.4"
      inherits "2"
      minimatch "^3.0.4"
      once "^1.3.0"
      path-is-absolute "^1.0.0"
  
  google-protobuf@^3.5.0:
    version "3.19.4"
    resolved "https://registry.yarnpkg.com/google-protobuf/-/google-protobuf-3.19.4.tgz#8d32c3e34be9250956f28c0fb90955d13f311888"
    integrity sha512-OIPNCxsG2lkIvf+P5FNfJ/Km95CsXOBecS9ZcAU6m2Rq3svc0Apl9nB3GMDNKfQ9asNv4KjyAqGwPQFrVle3Yg==
  
  graceful-fs@^4.1.2:
    version "4.2.9"
    resolved "https://registry.yarnpkg.com/graceful-fs/-/graceful-fs-4.2.9.tgz#041b05df45755e587a24942279b9d113146e1c96"
    integrity sha512-NtNxqUcXgpW2iMrfqSfR73Glt39K+BLwWsPs94yR63v45T0Wbej7eRmL5cWfwEgqXnmjQp3zaJTshdRW/qC2ZQ==
  
  has-bigints@^1.0.1:
    version "1.0.1"
    resolved "https://registry.yarnpkg.com/has-bigints/-/has-bigints-1.0.1.tgz#64fe6acb020673e3b78db035a5af69aa9d07b113"
    integrity sha512-LSBS2LjbNBTf6287JEbEzvJgftkF5qFkmCo9hDRpAzKhUOlJ+hx8dd4USs00SgsUNwc4617J9ki5YtEClM2ffA==
  
  has-symbols@^1.0.1, has-symbols@^1.0.2:
    version "1.0.3"
    resolved "https://registry.yarnpkg.com/has-symbols/-/has-symbols-1.0.3.tgz#bb7b2c4349251dce87b125f7bdf874aa7c8b39f8"
    integrity sha512-l3LCuF6MgDNwTDKkdYGEihYjt5pRPbEg46rtlmnSPlUbgmB8LOIrKJbYYFBSbnPaJexMKtiPO8hmeRjRz2Td+A==
  
  has-tostringtag@^1.0.0:
    version "1.0.0"
    resolved "https://registry.yarnpkg.com/has-tostringtag/-/has-tostringtag-1.0.0.tgz#7e133818a7d394734f941e73c3d3f9291e658b25"
    integrity sha512-kFjcSNhnlGV1kyoGk7OXKSawH5JOb/LzUc5w9B02hOTO0dfFRjbHQKvg1d6cf3HbeUmtU9VbbV3qzZ2Teh97WQ==
    dependencies:
      has-symbols "^1.0.2"
  
  has@^1.0.3:
    version "1.0.3"
    resolved "https://registry.yarnpkg.com/has/-/has-1.0.3.tgz#722d7cbfc1f6aa8241f16dd814e011e1f41e8796"
    integrity sha512-f2dvO0VU6Oej7RkWJGrehjbzMAjFp5/VKPp5tTpWIV4JHHZK1/BxbFRtf/siA2SWTe09caDmVtYYzWEIbBS4zw==
    dependencies:
      function-bind "^1.1.1"
  
  hash.js@1.1.7, hash.js@^1.0.0, hash.js@^1.0.3:
    version "1.1.7"
    resolved "https://registry.yarnpkg.com/hash.js/-/hash.js-1.1.7.tgz#0babca538e8d4ee4a0f8988d68866537a003cf42"
    integrity sha512-taOaskGt4z4SOANNseOviYDvjEJinIkRgmp7LbKP2YTTmVxWBl87s/uzK9r+44BclBSp2X7K1hqeNfz9JbBeXA==
    dependencies:
      inherits "^2.0.3"
      minimalistic-assert "^1.0.1"
  
  hmac-drbg@^1.0.1:
    version "1.0.1"
    resolved "https://registry.yarnpkg.com/hmac-drbg/-/hmac-drbg-1.0.1.tgz#d2745701025a6c775a6c545793ed502fc0c649a1"
    integrity sha1-0nRXAQJabHdabFRXk+1QL8DGSaE=
    dependencies:
      hash.js "^1.0.3"
      minimalistic-assert "^1.0.0"
      minimalistic-crypto-utils "^1.0.1"
  
  hosted-git-info@^2.1.4:
    version "2.8.9"
    resolved "https://registry.yarnpkg.com/hosted-git-info/-/hosted-git-info-2.8.9.tgz#dffc0bf9a21c02209090f2aa69429e1414daf3f9"
    integrity sha512-mxIDAb9Lsm6DoOJ7xH+5+X4y1LU/4Hi50L9C5sIswK3JzULS4bwk1FvjdBgvYR4bzT4tuUQiC15FE2f5HbLvYw==
  
  ieee754@1.1.13:
    version "1.1.13"
    resolved "https://registry.yarnpkg.com/ieee754/-/ieee754-1.1.13.tgz#ec168558e95aa181fd87d37f55c32bbcb6708b84"
    integrity sha512-4vf7I2LYV/HaWerSo3XmlMkp5eZ83i+/CDluXi/IGTs/O1sejBNhTtnxzmRZfvOUqj7lZjqHkeTvpgSFDlWZTg==
  
  ieee754@^1.1.4:
    version "1.2.1"
    resolved "https://registry.yarnpkg.com/ieee754/-/ieee754-1.2.1.tgz#8eb7a10a63fff25d15a57b001586d177d1b0d352"
    integrity sha512-dcyqhDvX1C46lXZcVqCpK+FtMRQVdIMN6/Df5js2zouUsqG7I6sFxitIC+7KYK29KdXOLHdu9zL4sFnoVQnqaA==
  
  inflight@^1.0.4:
    version "1.0.6"
    resolved "https://registry.yarnpkg.com/inflight/-/inflight-1.0.6.tgz#49bd6331d7d02d0c09bc910a1075ba8165b56df9"
    integrity sha1-Sb1jMdfQLQwJvJEKEHW6gWW1bfk=
    dependencies:
      once "^1.3.0"
      wrappy "1"
  
  inherits@2, inherits@^2.0.3, inherits@^2.0.4:
    version "2.0.4"
    resolved "https://registry.yarnpkg.com/inherits/-/inherits-2.0.4.tgz#0fa2c64f932917c3433a0ded55363aae37416b7c"
    integrity sha512-k/vGaX4/Yla3WzyMCvTQOXYeIHvqOKtnqBduzTHpzpQZzAskKMhZ2K+EnBiSM9zGSoIFeMpXKxa4dYeZIQqewQ==
  
  internal-slot@^1.0.3:
    version "1.0.3"
    resolved "https://registry.yarnpkg.com/internal-slot/-/internal-slot-1.0.3.tgz#7347e307deeea2faac2ac6205d4bc7d34967f59c"
    integrity sha512-O0DB1JC/sPyZl7cIo78n5dR7eUSwwpYPiXRhTzNxZVAMUuB8vlnRFyLxdrVToks6XPLVnFfbzaVd5WLjhgg+vA==
    dependencies:
      get-intrinsic "^1.1.0"
      has "^1.0.3"
      side-channel "^1.0.4"
  
  is-bigint@^1.0.1:
    version "1.0.4"
    resolved "https://registry.yarnpkg.com/is-bigint/-/is-bigint-1.0.4.tgz#08147a1875bc2b32005d41ccd8291dffc6691df3"
    integrity sha512-zB9CruMamjym81i2JZ3UMn54PKGsQzsJeo6xvN3HJJ4CAsQNB6iRutp2To77OfCNuoxspsIhzaPoO1zyCEhFOg==
    dependencies:
      has-bigints "^1.0.1"
  
  is-boolean-object@^1.1.0:
    version "1.1.2"
    resolved "https://registry.yarnpkg.com/is-boolean-object/-/is-boolean-object-1.1.2.tgz#5c6dc200246dd9321ae4b885a114bb1f75f63719"
    integrity sha512-gDYaKHJmnj4aWxyj6YHyXVpdQawtVLHU5cb+eztPGczf6cjuTdwve5ZIEfgXqH4e57An1D1AKf8CZ3kYrQRqYA==
    dependencies:
      call-bind "^1.0.2"
      has-tostringtag "^1.0.0"
  
  is-callable@^1.1.4, is-callable@^1.2.4:
    version "1.2.4"
    resolved "https://registry.yarnpkg.com/is-callable/-/is-callable-1.2.4.tgz#47301d58dd0259407865547853df6d61fe471945"
    integrity sha512-nsuwtxZfMX67Oryl9LCQ+upnC0Z0BgpwntpS89m1H/TLF0zNfzfLMV/9Wa/6MZsj0acpEjAO0KF1xT6ZdLl95w==
  
  is-core-module@^2.8.1:
    version "2.8.1"
    resolved "https://registry.yarnpkg.com/is-core-module/-/is-core-module-2.8.1.tgz#f59fdfca701d5879d0a6b100a40aa1560ce27211"
    integrity sha512-SdNCUs284hr40hFTFP6l0IfZ/RSrMXF3qgoRHd3/79unUTvrFO/JoXwkGm+5J/Oe3E/b5GsnG330uUNgRpu1PA==
    dependencies:
      has "^1.0.3"
  
  is-date-object@^1.0.1:
    version "1.0.5"
    resolved "https://registry.yarnpkg.com/is-date-object/-/is-date-object-1.0.5.tgz#0841d5536e724c25597bf6ea62e1bd38298df31f"
    integrity sha512-9YQaSxsAiSwcvS33MBk3wTCVnWK+HhF8VZR2jRxehM16QcVOdHqPn4VPHmRK4lSr38n9JriurInLcP90xsYNfQ==
    dependencies:
      has-tostringtag "^1.0.0"
  
  is-negative-zero@^2.0.1:
    version "2.0.2"
    resolved "https://registry.yarnpkg.com/is-negative-zero/-/is-negative-zero-2.0.2.tgz#7bf6f03a28003b8b3965de3ac26f664d765f3150"
    integrity sha512-dqJvarLawXsFbNDeJW7zAz8ItJ9cd28YufuuFzh0G8pNHjJMnY08Dv7sYX2uF5UpQOwieAeOExEYAWWfu7ZZUA==
  
  is-number-object@^1.0.4:
    version "1.0.6"
    resolved "https://registry.yarnpkg.com/is-number-object/-/is-number-object-1.0.6.tgz#6a7aaf838c7f0686a50b4553f7e54a96494e89f0"
    integrity sha512-bEVOqiRcvo3zO1+G2lVMy+gkkEm9Yh7cDMRusKKu5ZJKPUYSJwICTKZrNKHA2EbSP0Tu0+6B/emsYNHZyn6K8g==
    dependencies:
      has-tostringtag "^1.0.0"
  
  is-regex@^1.1.4:
    version "1.1.4"
    resolved "https://registry.yarnpkg.com/is-regex/-/is-regex-1.1.4.tgz#eef5663cd59fa4c0ae339505323df6854bb15958"
    integrity sha512-kvRdxDsxZjhzUX07ZnLydzS1TU/TJlTUHHY4YLL87e37oUA49DfkLqgy+VjFocowy29cKvcSiu+kIv728jTTVg==
    dependencies:
      call-bind "^1.0.2"
      has-tostringtag "^1.0.0"
  
  is-shared-array-buffer@^1.0.1:
    version "1.0.1"
    resolved "https://registry.yarnpkg.com/is-shared-array-buffer/-/is-shared-array-buffer-1.0.1.tgz#97b0c85fbdacb59c9c446fe653b82cf2b5b7cfe6"
    integrity sha512-IU0NmyknYZN0rChcKhRO1X8LYz5Isj/Fsqh8NJOSf+N/hCOTwy29F32Ik7a+QszE63IdvmwdTPDd6cZ5pg4cwA==
  
  is-string@^1.0.5, is-string@^1.0.7:
    version "1.0.7"
    resolved "https://registry.yarnpkg.com/is-string/-/is-string-1.0.7.tgz#0dd12bf2006f255bb58f695110eff7491eebc0fd"
    integrity sha512-tE2UXzivje6ofPW7l23cjDOMa09gb7xlAqG6jG5ej6uPV32TlWP3NKPigtaGeHNu9fohccRYvIiZMfOOnOYUtg==
    dependencies:
      has-tostringtag "^1.0.0"
  
  is-symbol@^1.0.2, is-symbol@^1.0.3:
    version "1.0.4"
    resolved "https://registry.yarnpkg.com/is-symbol/-/is-symbol-1.0.4.tgz#a6dac93b635b063ca6872236de88910a57af139c"
    integrity sha512-C/CPBqKWnvdcxqIARxyOh4v1UUEOCHpgDa0WYgpKDFMszcrPcffg5uhwSgPCLD2WWxmq6isisz87tzT01tuGhg==
    dependencies:
      has-symbols "^1.0.2"
  
  is-weakref@^1.0.1:
    version "1.0.2"
    resolved "https://registry.yarnpkg.com/is-weakref/-/is-weakref-1.0.2.tgz#9529f383a9338205e89765e0392efc2f100f06f2"
    integrity sha512-qctsuLZmIQ0+vSSMfoVvyFe2+GSEvnmZ2ezTup1SBse9+twCCeial6EEi3Nc2KFcf6+qz2FBPnjXsk8xhKSaPQ==
    dependencies:
      call-bind "^1.0.2"
  
  isarray@^1.0.0:
    version "1.0.0"
    resolved "https://registry.yarnpkg.com/isarray/-/isarray-1.0.0.tgz#bb935d48582cba168c06834957a54a3e07124f11"
    integrity sha1-u5NdSFgsuhaMBoNJV6VKPgcSTxE=
  
  jmespath@0.16.0:
    version "0.16.0"
    resolved "https://registry.yarnpkg.com/jmespath/-/jmespath-0.16.0.tgz#b15b0a85dfd4d930d43e69ed605943c802785076"
    integrity sha512-9FzQjJ7MATs1tSpnco1K6ayiYE3figslrXA72G2HQ/n76RzvYlofyi5QM+iX4YRs/pu3yzxlVQSST23+dMDknw==
  
  js-sha3@0.8.0:
    version "0.8.0"
    resolved "https://registry.yarnpkg.com/js-sha3/-/js-sha3-0.8.0.tgz#b9b7a5da73afad7dedd0f8c463954cbde6818840"
    integrity sha512-gF1cRrHhIzNfToc802P800N8PpXS+evLLXfsVpowqmAFR9uwbi89WvXg2QspOmXL8QL86J4T1EpFu+yUkwJY3Q==
  
  js-yaml@^3.14.0:
    version "3.14.1"
    resolved "https://registry.yarnpkg.com/js-yaml/-/js-yaml-3.14.1.tgz#dae812fdb3825fa306609a8717383c50c36a0537"
    integrity sha512-okMH7OXXJ7YrN9Ok3/SXrnu4iX9yOk+25nqX4imS2npuvTYDmo/QEZoqwZkYaIDk3jVvBOTOIEgEhaLOynBS9g==
    dependencies:
      argparse "^1.0.7"
      esprima "^4.0.0"
  
  json-parse-even-better-errors@^2.3.0:
    version "2.3.1"
    resolved "https://registry.yarnpkg.com/json-parse-even-better-errors/-/json-parse-even-better-errors-2.3.1.tgz#7c47805a94319928e05777405dc12e1f7a4ee02d"
    integrity sha512-xyFwyhro/JEof6Ghe2iz2NcXoj2sloNsWr/XsERDK/oiPCfaNhl5ONfp+jQdAZRQQ0IJWNzH9zIZF7li91kh2w==
  
  long@^4.0.0:
    version "4.0.0"
    resolved "https://registry.yarnpkg.com/long/-/long-4.0.0.tgz#9a7b71cfb7d361a194ea555241c92f7468d5bf28"
    integrity sha512-XsP+KhQif4bjX1kbuSiySJFNAehNxgLb6hPRGJ9QsUr8ajHkuXGdrHmFUTUUXhDwVX2R5bY4JNZEwbUiMhV+MA==
  
  make-error@^1.1.1:
    version "1.3.6"
    resolved "https://registry.yarnpkg.com/make-error/-/make-error-1.3.6.tgz#2eb2e37ea9b67c4891f684a1394799af484cf7a2"
    integrity sha512-s8UhlNe7vPKomQhC1qFelMokr/Sc3AgNbso3n74mVPA5LTZwkB9NlXf4XPamLxJE8h0gh73rM94xvwRT2CVInw==
  
  mime@^2.0.0:
    version "2.6.0"
    resolved "https://registry.yarnpkg.com/mime/-/mime-2.6.0.tgz#a2a682a95cd4d0cb1d6257e28f83da7e35800367"
    integrity sha512-USPkMeET31rOMiarsBNIHZKLGgvKc/LrjofAnBlOttf5ajRvqiRA8QsenbcooctK6d6Ts6aqZXBA+XbkKthiQg==
  
  minimalistic-assert@^1.0.0, minimalistic-assert@^1.0.1:
    version "1.0.1"
    resolved "https://registry.yarnpkg.com/minimalistic-assert/-/minimalistic-assert-1.0.1.tgz#2e194de044626d4a10e7f7fbc00ce73e83e4d5c7"
    integrity sha512-UtJcAD4yEaGtjPezWuO9wC4nwUnVH/8/Im3yEHQP4b67cXlD/Qr9hdITCU1xDbSEXg2XKNaP8jsReV7vQd00/A==
  
  minimalistic-crypto-utils@^1.0.1:
    version "1.0.1"
    resolved "https://registry.yarnpkg.com/minimalistic-crypto-utils/-/minimalistic-crypto-utils-1.0.1.tgz#f6c00c1c0b082246e5c4d99dfb8c7c083b2b582a"
    integrity sha1-9sAMHAsIIkblxNmd+4x8CDsrWCo=
  
  minimatch@^3.0.4:
    version "3.1.2"
    resolved "https://registry.yarnpkg.com/minimatch/-/minimatch-3.1.2.tgz#19cd194bfd3e428f049a70817c038d89ab4be35b"
    integrity sha512-J7p63hRiAjw1NDEww1W7i37+ByIrOWO5XQQAzZ3VOcL0PNybwpfmV/N05zFAzwQ9USyEcX6t3UO+K5aqBQOIHw==
    dependencies:
      brace-expansion "^1.1.7"
  
  minimist@^1.2.0, minimist@^1.2.5:
    version "1.2.5"
    resolved "https://registry.yarnpkg.com/minimist/-/minimist-1.2.5.tgz#67d66014b66a6a8aaa0c083c5fd58df4e4e97602"
    integrity sha512-FM9nNUYrRBAELZQT3xeZQ7fmMOBg6nWNmJKTcgsJeaLstP/UODVpGsr5OhXhhXg6f+qtJ8uiZ+PUxkDWcgIXLw==
  
  mkdirp@^0.5.1:
    version "0.5.5"
    resolved "https://registry.yarnpkg.com/mkdirp/-/mkdirp-0.5.5.tgz#d91cefd62d1436ca0f41620e251288d420099def"
    integrity sha512-NKmAlESf6jMGym1++R0Ra7wvhV+wFW63FaSOFPwRahvea0gMUcGUhVeAg/0BC0wiv9ih5NYPB1Wn1UEI1/L+xQ==
    dependencies:
      minimist "^1.2.5"
  
  normalize-package-data@^2.0.0, normalize-package-data@^2.4.0:
    version "2.5.0"
    resolved "https://registry.yarnpkg.com/normalize-package-data/-/normalize-package-data-2.5.0.tgz#e66db1838b200c1dfc233225d12cb36520e234a8"
    integrity sha512-/5CMN3T0R4XTj4DcGaexo+roZSdSFW/0AOOTROrjxzCG1wrWXEsGbRKevjlIL+ZDE4sZlJr5ED4YW0yqmkK+eA==
    dependencies:
      hosted-git-info "^2.1.4"
      resolve "^1.10.0"
      semver "2 || 3 || 4 || 5"
      validate-npm-package-license "^3.0.1"
  
  npm-normalize-package-bin@^1.0.0:
    version "1.0.1"
    resolved "https://registry.yarnpkg.com/npm-normalize-package-bin/-/npm-normalize-package-bin-1.0.1.tgz#6e79a41f23fd235c0623218228da7d9c23b8f6e2"
    integrity sha512-EPfafl6JL5/rU+ot6P3gRSCpPDW5VmIzX959Ob1+ySFUuuYHWHekXpwdUZcKP5C+DS4GEtdJluwBjnsNDl+fSA==
  
  object-inspect@^1.11.0, object-inspect@^1.9.0:
    version "1.12.0"
    resolved "https://registry.yarnpkg.com/object-inspect/-/object-inspect-1.12.0.tgz#6e2c120e868fd1fd18cb4f18c31741d0d6e776f0"
    integrity sha512-Ho2z80bVIvJloH+YzRmpZVQe87+qASmBUKZDWgx9cu+KDrX2ZDH/3tMy+gXbZETVGs2M8YdxObOh7XAtim9Y0g==
  
  object-keys@^1.0.12, object-keys@^1.1.1:
    version "1.1.1"
    resolved "https://registry.yarnpkg.com/object-keys/-/object-keys-1.1.1.tgz#1c47f272df277f3b1daf061677d9c82e2322c60e"
    integrity sha512-NuAESUOUMrlIXOfHKzD6bpPu3tYt3xvjNdRIQ+FeT0lNb4K8WR70CaDxhuNguS2XG+GjkyMwOzsN5ZktImfhLA==
  
  object.assign@^4.1.2:
    version "4.1.2"
    resolved "https://registry.yarnpkg.com/object.assign/-/object.assign-4.1.2.tgz#0ed54a342eceb37b38ff76eb831a0e788cb63940"
    integrity sha512-ixT2L5THXsApyiUPYKmW+2EHpXXe5Ii3M+f4e+aJFAHao5amFRW6J0OO6c/LU8Be47utCx2GL89hxGB6XSmKuQ==
    dependencies:
      call-bind "^1.0.0"
      define-properties "^1.1.3"
      has-symbols "^1.0.1"
      object-keys "^1.1.1"
  
  object.getownpropertydescriptors@^2.0.3:
    version "2.1.3"
    resolved "https://registry.yarnpkg.com/object.getownpropertydescriptors/-/object.getownpropertydescriptors-2.1.3.tgz#b223cf38e17fefb97a63c10c91df72ccb386df9e"
    integrity sha512-VdDoCwvJI4QdC6ndjpqFmoL3/+HxffFBbcJzKi5hwLLqqx3mdbedRpfZDdK0SrOSauj8X4GzBvnDZl4vTN7dOw==
    dependencies:
      call-bind "^1.0.2"
      define-properties "^1.1.3"
      es-abstract "^1.19.1"
  
  once@^1.3.0:
    version "1.4.0"
    resolved "https://registry.yarnpkg.com/once/-/once-1.4.0.tgz#583b1aa775961d4b113ac17d9c50baef9dd76bd1"
    integrity sha1-WDsap3WWHUsROsF9nFC6753Xa9E=
    dependencies:
      wrappy "1"
  
  path-is-absolute@^1.0.0:
    version "1.0.1"
    resolved "https://registry.yarnpkg.com/path-is-absolute/-/path-is-absolute-1.0.1.tgz#174b9268735534ffbc7ace6bf53a5a9e1b5c5f5f"
    integrity sha1-F0uSaHNVNP+8es5r9TpanhtcX18=
  
  path-parse@^1.0.7:
    version "1.0.7"
    resolved "https://registry.yarnpkg.com/path-parse/-/path-parse-1.0.7.tgz#fbc114b60ca42b30d9daf5858e4bd68bbedb6735"
    integrity sha512-LDJzPVEEEPR+y48z93A0Ed0yXb8pAByGWo/k5YYdYgpY2/2EsOsksJrq7lOHxryrVOn1ejG6oAp8ahvOIQD8sw==
  
  protobufjs@^6.8.6:
    version "6.11.2"
    resolved "https://registry.yarnpkg.com/protobufjs/-/protobufjs-6.11.2.tgz#de39fabd4ed32beaa08e9bb1e30d08544c1edf8b"
    integrity sha512-4BQJoPooKJl2G9j3XftkIXjoC9C0Av2NOrWmbLWT1vH32GcSUHjM0Arra6UfTsVyfMAuFzaLucXn1sadxJydAw==
    dependencies:
      "@protobufjs/aspromise" "^1.1.2"
      "@protobufjs/base64" "^1.1.2"
      "@protobufjs/codegen" "^2.0.4"
      "@protobufjs/eventemitter" "^1.1.0"
      "@protobufjs/fetch" "^1.1.0"
      "@protobufjs/float" "^1.0.2"
      "@protobufjs/inquire" "^1.1.0"
      "@protobufjs/path" "^1.1.2"
      "@protobufjs/pool" "^1.1.0"
      "@protobufjs/utf8" "^1.1.0"
      "@types/long" "^4.0.1"
      "@types/node" ">=13.7.0"
      long "^4.0.0"
  
  punycode@1.3.2:
    version "1.3.2"
    resolved "https://registry.yarnpkg.com/punycode/-/punycode-1.3.2.tgz#9653a036fb7c1ee42342f2325cceefea3926c48d"
    integrity sha1-llOgNvt8HuQjQvIyXM7v6jkmxI0=
  
  querystring@0.2.0:
    version "0.2.0"
    resolved "https://registry.yarnpkg.com/querystring/-/querystring-0.2.0.tgz#b209849203bb25df820da756e747005878521620"
    integrity sha1-sgmEkgO7Jd+CDadW50cAWHhSFiA=
  
  read-package-json@^2.0.0:
    version "2.1.2"
    resolved "https://registry.yarnpkg.com/read-package-json/-/read-package-json-2.1.2.tgz#6992b2b66c7177259feb8eaac73c3acd28b9222a"
    integrity sha512-D1KmuLQr6ZSJS0tW8hf3WGpRlwszJOXZ3E8Yd/DNRaM5d+1wVRZdHlpGBLAuovjr28LbWvjpWkBHMxpRGGjzNA==
    dependencies:
      glob "^7.1.1"
      json-parse-even-better-errors "^2.3.0"
      normalize-package-data "^2.0.0"
      npm-normalize-package-bin "^1.0.0"
  
  read-package-tree@^5.2.1, read-package-tree@^5.3.1:
    version "5.3.1"
    resolved "https://registry.yarnpkg.com/read-package-tree/-/read-package-tree-5.3.1.tgz#a32cb64c7f31eb8a6f31ef06f9cedf74068fe636"
    integrity sha512-mLUDsD5JVtlZxjSlPPx1RETkNjjvQYuweKwNVt1Sn8kP5Jh44pvYuUHCp6xSVDZWbNxVxG5lyZJ921aJH61sTw==
    dependencies:
      read-package-json "^2.0.0"
      readdir-scoped-modules "^1.0.0"
      util-promisify "^2.1.0"
  
  readdir-scoped-modules@^1.0.0:
    version "1.1.0"
    resolved "https://registry.yarnpkg.com/readdir-scoped-modules/-/readdir-scoped-modules-1.1.0.tgz#8d45407b4f870a0dcaebc0e28670d18e74514309"
    integrity sha512-asaikDeqAQg7JifRsZn1NJZXo9E+VwlyCfbkZhwyISinqk5zNS6266HS5kah6P0SaQKGF6SkNnZVHUzHFYxYDw==
    dependencies:
      debuglog "^1.0.1"
      dezalgo "^1.0.0"
      graceful-fs "^4.1.2"
      once "^1.3.0"
  
  require-from-string@^2.0.1:
    version "2.0.2"
    resolved "https://registry.yarnpkg.com/require-from-string/-/require-from-string-2.0.2.tgz#89a7fdd938261267318eafe14f9c32e598c36909"
    integrity sha512-Xf0nWe6RseziFMu+Ap9biiUbmplq6S9/p+7w7YXP/JBHhrUDDUhwa+vANyubuqfZWTveU//DYVGsDG7RKL/vEw==
  
  resolve@^1.10.0, resolve@^1.7.1:
    version "1.22.0"
    resolved "https://registry.yarnpkg.com/resolve/-/resolve-1.22.0.tgz#5e0b8c67c15df57a89bdbabe603a002f21731198"
    integrity sha512-Hhtrw0nLeSrFQ7phPp4OOcVjLPIeMnRlr5mcnVuMe7M/7eBn98A3hmFRLoFo3DLZkivSYwhRUJTyPyWAk56WLw==
    dependencies:
      is-core-module "^2.8.1"
      path-parse "^1.0.7"
      supports-preserve-symlinks-flag "^1.0.0"
  
  sax@1.2.1:
    version "1.2.1"
    resolved "https://registry.yarnpkg.com/sax/-/sax-1.2.1.tgz#7b8e656190b228e81a66aea748480d828cd2d37a"
    integrity sha1-e45lYZCyKOgaZq6nSEgNgozS03o=
  
  sax@>=0.6.0:
    version "1.2.4"
    resolved "https://registry.yarnpkg.com/sax/-/sax-1.2.4.tgz#2816234e2378bddc4e5354fab5caa895df7100d9"
    integrity sha512-NqVDv9TpANUjFm0N8uM5GxL36UgKi9/atZw+x7YFnQ8ckwFGKrl4xX4yWtrey3UJm5nP1kUbnYgLopqWNSRhWw==
  
  scrypt-js@3.0.1:
    version "3.0.1"
    resolved "https://registry.yarnpkg.com/scrypt-js/-/scrypt-js-3.0.1.tgz#d314a57c2aef69d1ad98a138a21fe9eafa9ee312"
    integrity sha512-cdwTTnqPu0Hyvf5in5asVdZocVDTNRmR7XEcJuIzMjJeSHybHl7vpB66AzwTaIg6CLSbtjcxc8fqcySfnTkccA==
  
  "semver@2 || 3 || 4 || 5", semver@^5.4.0:
    version "5.7.1"
    resolved "https://registry.yarnpkg.com/semver/-/semver-5.7.1.tgz#a954f931aeba508d307bbf069eff0c01c96116f7"
    integrity sha512-sauaDf/PZdVgrLTNYHRtpXa1iRiKcaebiKQ1BJdpQlWH2lCvexQdX55snPFyK7QzpudqbCI0qXFfOasHdyNDGQ==
  
  semver@^6.1.0:
    version "6.3.0"
    resolved "https://registry.yarnpkg.com/semver/-/semver-6.3.0.tgz#ee0a64c8af5e8ceea67687b133761e1becbd1d3d"
    integrity sha512-b39TBaTSfV6yBrapU89p5fKekE2m/NwnDocOVruQFS1/veMgdzuPcnOM34M6CwxW8jH/lxEa5rBoDeUwu5HHTw==
  
  side-channel@^1.0.4:
    version "1.0.4"
    resolved "https://registry.yarnpkg.com/side-channel/-/side-channel-1.0.4.tgz#efce5c8fdc104ee751b25c58d4290011fa5ea2cf"
    integrity sha512-q5XPytqFEIKHkGdiMIrY10mvLRvnQh42/+GoBlFW3b2LXLE2xxJpZFdm94we0BaoV3RwJyGqg5wS7epxTv0Zvw==
    dependencies:
      call-bind "^1.0.0"
      get-intrinsic "^1.0.2"
      object-inspect "^1.9.0"
  
  source-map-support@^0.4.16:
    version "0.4.18"
    resolved "https://registry.yarnpkg.com/source-map-support/-/source-map-support-0.4.18.tgz#0286a6de8be42641338594e97ccea75f0a2c585f"
    integrity sha512-try0/JqxPLF9nOjvSta7tVondkP5dwgyLDjVoyMDlmjugT2lRZ1OfsrYTkCd2hkDnJTKRbO/Rl3orm8vlsUzbA==
    dependencies:
      source-map "^0.5.6"
  
  source-map-support@^0.5.6:
    version "0.5.21"
    resolved "https://registry.yarnpkg.com/source-map-support/-/source-map-support-0.5.21.tgz#04fe7c7f9e1ed2d662233c28cb2b35b9f63f6e4f"
    integrity sha512-uBHU3L3czsIyYXKX88fdrGovxdSCoTGDRZ6SYXtSRxLZUzHg5P/66Ht6uoUlHu9EZod+inXhKo3qQgwXUT/y1w==
    dependencies:
      buffer-from "^1.0.0"
      source-map "^0.6.0"
  
  source-map@^0.5.6:
    version "0.5.7"
    resolved "https://registry.yarnpkg.com/source-map/-/source-map-0.5.7.tgz#8a039d2d1021d22d1ea14c80d8ea468ba2ef3fcc"
    integrity sha1-igOdLRAh0i0eoUyA2OpGi6LvP8w=
  
  source-map@^0.6.0:
    version "0.6.1"
    resolved "https://registry.yarnpkg.com/source-map/-/source-map-0.6.1.tgz#74722af32e9614e9c287a8d0bbde48b5e2f1a263"
    integrity sha512-UjgapumWlbMhkBgzT7Ykc5YXUT46F0iKu8SGXq0bcwP5dz/h0Plj6enJqjz1Zbq2l5WaqYnrVbwWOWMyF3F47g==
  
  spdx-correct@^3.0.0:
    version "3.1.1"
    resolved "https://registry.yarnpkg.com/spdx-correct/-/spdx-correct-3.1.1.tgz#dece81ac9c1e6713e5f7d1b6f17d468fa53d89a9"
    integrity sha512-cOYcUWwhCuHCXi49RhFRCyJEK3iPj1Ziz9DpViV3tbZOwXD49QzIN3MpOLJNxh2qwq2lJJZaKMVw9qNi4jTC0w==
    dependencies:
      spdx-expression-parse "^3.0.0"
      spdx-license-ids "^3.0.0"
  
  spdx-exceptions@^2.1.0:
    version "2.3.0"
    resolved "https://registry.yarnpkg.com/spdx-exceptions/-/spdx-exceptions-2.3.0.tgz#3f28ce1a77a00372683eade4a433183527a2163d"
    integrity sha512-/tTrYOC7PPI1nUAgx34hUpqXuyJG+DTHJTnIULG4rDygi4xu/tfgmq1e1cIRwRzwZgo4NLySi+ricLkZkw4i5A==
  
  spdx-expression-parse@^3.0.0:
    version "3.0.1"
    resolved "https://registry.yarnpkg.com/spdx-expression-parse/-/spdx-expression-parse-3.0.1.tgz#cf70f50482eefdc98e3ce0a6833e4a53ceeba679"
    integrity sha512-cbqHunsQWnJNE6KhVSMsMeH5H/L9EpymbzqTQ3uLwNCLZ1Q481oWaofqH7nO6V07xlXwY6PhQdQ2IedWx/ZK4Q==
    dependencies:
      spdx-exceptions "^2.1.0"
      spdx-license-ids "^3.0.0"
  
  spdx-license-ids@^3.0.0:
    version "3.0.11"
    resolved "https://registry.yarnpkg.com/spdx-license-ids/-/spdx-license-ids-3.0.11.tgz#50c0d8c40a14ec1bf449bae69a0ea4685a9d9f95"
    integrity sha512-Ctl2BrFiM0X3MANYgj3CkygxhRmr9mi6xhejbdO960nF6EDJApTYpn0BQnDKlnNBULKiCN1n3w9EBkHK8ZWg+g==
  
  sprintf-js@~1.0.2:
    version "1.0.3"
    resolved "https://registry.yarnpkg.com/sprintf-js/-/sprintf-js-1.0.3.tgz#04e6926f662895354f3dd015203633b857297e2c"
    integrity sha1-BOaSb2YolTVPPdAVIDYzuFcpfiw=
  
  string.prototype.trimend@^1.0.4:
    version "1.0.4"
    resolved "https://registry.yarnpkg.com/string.prototype.trimend/-/string.prototype.trimend-1.0.4.tgz#e75ae90c2942c63504686c18b287b4a0b1a45f80"
    integrity sha512-y9xCjw1P23Awk8EvTpcyL2NIr1j7wJ39f+k6lvRnSMz+mz9CGz9NYPelDk42kOz6+ql8xjfK8oYzy3jAP5QU5A==
    dependencies:
      call-bind "^1.0.2"
      define-properties "^1.1.3"
  
  string.prototype.trimstart@^1.0.4:
    version "1.0.4"
    resolved "https://registry.yarnpkg.com/string.prototype.trimstart/-/string.prototype.trimstart-1.0.4.tgz#b36399af4ab2999b4c9c648bd7a3fb2bb26feeed"
    integrity sha512-jh6e984OBfvxS50tdY2nRZnoC5/mLFKOREQfw8t5yytkoUsJRNxvI/E39qu1sD0OtWI3OC0XgKSmcWwziwYuZw==
    dependencies:
      call-bind "^1.0.2"
      define-properties "^1.1.3"
  
  supports-preserve-symlinks-flag@^1.0.0:
    version "1.0.0"
    resolved "https://registry.yarnpkg.com/supports-preserve-symlinks-flag/-/supports-preserve-symlinks-flag-1.0.0.tgz#6eda4bd344a3c94aea376d4cc31bc77311039e09"
    integrity sha512-ot0WnXS9fgdkgIcePe6RHNk1WA8+muPa6cSjeR3V8K27q9BB1rTE3R1p7Hv0z1ZyAc8s6Vvv8DIyWf681MAt0w==
  
  ts-node@^7.0.1:
    version "7.0.1"
    resolved "https://registry.yarnpkg.com/ts-node/-/ts-node-7.0.1.tgz#9562dc2d1e6d248d24bc55f773e3f614337d9baf"
    integrity sha512-BVwVbPJRspzNh2yfslyT1PSbl5uIk03EZlb493RKHN4qej/D06n1cEhjlOJG69oFsE7OT8XjpTUcYf6pKTLMhw==
    dependencies:
      arrify "^1.0.0"
      buffer-from "^1.1.0"
      diff "^3.1.0"
      make-error "^1.1.1"
      minimist "^1.2.0"
      mkdirp "^0.5.1"
      source-map-support "^0.5.6"
      yn "^2.0.0"
  
  typescript@~3.7.3:
    version "3.7.7"
    resolved "https://registry.yarnpkg.com/typescript/-/typescript-3.7.7.tgz#c931733e2ec10dda56b855b379cc488a72a81199"
    integrity sha512-MmQdgo/XenfZPvVLtKZOq9jQQvzaUAUpcKW8Z43x9B2fOm4S5g//tPtMweZUIP+SoBqrVPEIm+dJeQ9dfO0QdA==
  
  unbox-primitive@^1.0.1:
    version "1.0.1"
    resolved "https://registry.yarnpkg.com/unbox-primitive/-/unbox-primitive-1.0.1.tgz#085e215625ec3162574dc8859abee78a59b14471"
    integrity sha512-tZU/3NqK3dA5gpE1KtyiJUrEB0lxnGkMFHptJ7q6ewdZ8s12QrODwNbhIJStmJkd1QDXa1NRA8aF2A1zk/Ypyw==
    dependencies:
      function-bind "^1.1.1"
      has-bigints "^1.0.1"
      has-symbols "^1.0.2"
      which-boxed-primitive "^1.0.2"
  
  upath@^1.1.0:
    version "1.2.0"
    resolved "https://registry.yarnpkg.com/upath/-/upath-1.2.0.tgz#8f66dbcd55a883acdae4408af8b035a5044c1894"
    integrity sha512-aZwGpamFO61g3OlfT7OQCHqhGnW43ieH9WZeP7QxN/G/jS4jfqUkZxoryvJgVPEcrl5NL/ggHsSmLMHuH64Lhg==
  
  url@0.10.3:
    version "0.10.3"
    resolved "https://registry.yarnpkg.com/url/-/url-0.10.3.tgz#021e4d9c7705f21bbf37d03ceb58767402774c64"
    integrity sha1-Ah5NnHcF8hu/N9A861h2dAJ3TGQ=
    dependencies:
      punycode "1.3.2"
      querystring "0.2.0"
  
  util-promisify@^2.1.0:
    version "2.1.0"
    resolved "https://registry.yarnpkg.com/util-promisify/-/util-promisify-2.1.0.tgz#3c2236476c4d32c5ff3c47002add7c13b9a82a53"
    integrity sha1-PCI2R2xNMsX/PEcAKt18E7moKlM=
    dependencies:
      object.getownpropertydescriptors "^2.0.3"
  
  uuid@3.3.2:
    version "3.3.2"
    resolved "https://registry.yarnpkg.com/uuid/-/uuid-3.3.2.tgz#1b4af4955eb3077c501c23872fc6513811587131"
    integrity sha512-yXJmeNaw3DnnKAOKJE51sL/ZaYfWJRl1pK9dr19YFCu0ObS231AB1/LbqTKRAQ5kw8A90rA6fr4riOUpTZvQZA==
  
  validate-npm-package-license@^3.0.1:
    version "3.0.4"
    resolved "https://registry.yarnpkg.com/validate-npm-package-license/-/validate-npm-package-license-3.0.4.tgz#fc91f6b9c7ba15c857f4cb2c5defeec39d4f410a"
    integrity sha512-DpKm2Ui/xN7/HQKCtpZxoRWBhZ9Z0kqtygG8XCgNQ8ZlDnxuQmWhj566j8fN4Cu3/JmbhsDo7fcAJq4s9h27Ew==
    dependencies:
      spdx-correct "^3.0.0"
      spdx-expression-parse "^3.0.0"
  
  which-boxed-primitive@^1.0.2:
    version "1.0.2"
    resolved "https://registry.yarnpkg.com/which-boxed-primitive/-/which-boxed-primitive-1.0.2.tgz#13757bc89b209b049fe5d86430e21cf40a89a8e6"
    integrity sha512-bwZdv0AKLpplFY2KZRX6TvyuN7ojjr7lwkg6ml0roIy9YeuSr7JS372qlNW18UQYzgYK9ziGcerWqZOmEn9VNg==
    dependencies:
      is-bigint "^1.0.1"
      is-boolean-object "^1.1.0"
      is-number-object "^1.0.4"
      is-string "^1.0.5"
      is-symbol "^1.0.3"
  
  wrappy@1:
    version "1.0.2"
    resolved "https://registry.yarnpkg.com/wrappy/-/wrappy-1.0.2.tgz#b5243d8f3ec1aa35f1364605bc0d1036e30ab69f"
    integrity sha1-tSQ9jz7BqjXxNkYFvA0QNuMKtp8=
  
  ws@7.4.6:
    version "7.4.6"
    resolved "https://registry.yarnpkg.com/ws/-/ws-7.4.6.tgz#5654ca8ecdeee47c33a9a4bf6d28e2be2980377c"
    integrity sha512-YmhHDO4MzaDLB+M9ym/mDA5z0naX8j7SIlT8f8z+I0VtzsRbekxEutHSme7NPS2qE8StCYQNUnfWdXta/Yu85A==
  
  xml2js@0.4.19:
    version "0.4.19"
    resolved "https://registry.yarnpkg.com/xml2js/-/xml2js-0.4.19.tgz#686c20f213209e94abf0d1bcf1efaa291c7827a7"
    integrity sha512-esZnJZJOiJR9wWKMyuvSE1y6Dq5LCuJanqhxslH2bxM6duahNZ+HMpCLhBQGZkbX6xRf8x1Y2eJlgt2q3qo49Q==
    dependencies:
      sax ">=0.6.0"
      xmlbuilder "~9.0.1"
  
  xmlbuilder@~9.0.1:
    version "9.0.7"
    resolved "https://registry.yarnpkg.com/xmlbuilder/-/xmlbuilder-9.0.7.tgz#132ee63d2ec5565c557e20f4c22df9aca686b10d"
    integrity sha1-Ey7mPS7FVlxVfiD0wi35rKaGsQ0=
  
  yn@^2.0.0:
    version "2.0.0"
    resolved "https://registry.yarnpkg.com/yn/-/yn-2.0.0.tgz#e5adabc8acf408f6385fc76495684c88e6af689a"
    integrity sha1-5a2ryKz0CPY4X8dklWhMiOavaJo=
